<?xml version="1.0" encoding="UTF-8"?>
<!-- Generated by org.testng.reporters.JUnitXMLReporter -->
<testsuite ignored="0" hostname="LAPTOP-9LIRRKJQ" failures="0" tests="4" name="Test" time="38.612" errors="0" timestamp="2023-08-19T12:41:11 IST">
  <testcase classname="TestScript.LoginTest" name="Login_Test_case01" time="0.647"/>
  <testcase classname="TestScript.LoginTest" name="Login_Test_case02" time="0.588"/>
  <testcase classname="TestScript.ProductPageTest" name="Product_Test_case01" time="0.554"/>
  <testcase classname="TestScript.ProductPageTest" name="Product_Test_case02" time="0.66"/>
</testsuite> <!-- Test -->
