<?xml version="1.0" encoding="UTF-8"?>
<testng-results ignored="0" total="4" passed="4" failed="0" skipped="0">
  <reporter-output>
  </reporter-output>
  <suite started-at="2023-08-19T12:40:33 IST" name="Suite" finished-at="2023-08-19T12:41:11 IST" duration-ms="38612">
    <groups>
    </groups>
    <test started-at="2023-08-19T12:40:33 IST" name="Test" finished-at="2023-08-19T12:41:11 IST" duration-ms="38612">
      <class name="TestScript.ProductPageTest">
        <test-method is-config="true" signature="setup()[pri:0, instance:TestScript.ProductPageTest@12468a38]" started-at="2023-08-19T12:40:45 IST" name="setup" finished-at="2023-08-19T12:40:54 IST" duration-ms="9586" status="PASS">
          <reporter-output>
          </reporter-output>
        </test-method> <!-- setup -->
        <test-method signature="Product_Test_case01()[pri:0, instance:TestScript.ProductPageTest@12468a38]" started-at="2023-08-19T12:40:54 IST" name="Product_Test_case01" finished-at="2023-08-19T12:40:55 IST" duration-ms="554" status="PASS">
          <reporter-output>
          </reporter-output>
        </test-method> <!-- Product_Test_case01 -->
        <test-method is-config="true" signature="TearDown()[pri:0, instance:TestScript.ProductPageTest@12468a38]" started-at="2023-08-19T12:40:55 IST" name="TearDown" finished-at="2023-08-19T12:40:58 IST" duration-ms="3488" status="PASS">
          <reporter-output>
          </reporter-output>
        </test-method> <!-- TearDown -->
        <test-method is-config="true" signature="setup()[pri:0, instance:TestScript.ProductPageTest@12468a38]" started-at="2023-08-19T12:40:58 IST" name="setup" finished-at="2023-08-19T12:41:07 IST" duration-ms="9000" status="PASS">
          <reporter-output>
          </reporter-output>
        </test-method> <!-- setup -->
        <test-method signature="Product_Test_case02()[pri:0, instance:TestScript.ProductPageTest@12468a38]" started-at="2023-08-19T12:41:07 IST" name="Product_Test_case02" finished-at="2023-08-19T12:41:08 IST" duration-ms="660" status="PASS">
          <reporter-output>
          </reporter-output>
        </test-method> <!-- Product_Test_case02 -->
        <test-method is-config="true" signature="TearDown()[pri:0, instance:TestScript.ProductPageTest@12468a38]" started-at="2023-08-19T12:41:08 IST" name="TearDown" finished-at="2023-08-19T12:41:11 IST" duration-ms="3207" status="PASS">
          <reporter-output>
          </reporter-output>
        </test-method> <!-- TearDown -->
      </class> <!-- TestScript.ProductPageTest -->
      <class name="TestScript.LoginTest">
        <test-method is-config="true" signature="setup()[pri:0, instance:TestScript.LoginTest@123ef382]" started-at="2023-08-19T12:40:33 IST" name="setup" finished-at="2023-08-19T12:40:39 IST" duration-ms="6397" status="PASS">
          <reporter-output>
          </reporter-output>
        </test-method> <!-- setup -->
        <test-method signature="Login_Test_case01()[pri:0, instance:TestScript.LoginTest@123ef382]" started-at="2023-08-19T12:40:39 IST" name="Login_Test_case01" finished-at="2023-08-19T12:40:40 IST" duration-ms="647" status="PASS">
          <reporter-output>
          </reporter-output>
        </test-method> <!-- Login_Test_case01 -->
        <test-method is-config="true" signature="TearDown()[pri:0, instance:TestScript.LoginTest@123ef382]" started-at="2023-08-19T12:40:40 IST" name="TearDown" finished-at="2023-08-19T12:40:40 IST" duration-ms="658" status="PASS">
          <reporter-output>
          </reporter-output>
        </test-method> <!-- TearDown -->
        <test-method is-config="true" signature="setup()[pri:0, instance:TestScript.LoginTest@123ef382]" started-at="2023-08-19T12:40:40 IST" name="setup" finished-at="2023-08-19T12:40:44 IST" duration-ms="3412" status="PASS">
          <reporter-output>
          </reporter-output>
        </test-method> <!-- setup -->
        <test-method signature="Login_Test_case02()[pri:0, instance:TestScript.LoginTest@123ef382]" started-at="2023-08-19T12:40:44 IST" name="Login_Test_case02" finished-at="2023-08-19T12:40:44 IST" duration-ms="588" status="PASS">
          <reporter-output>
          </reporter-output>
        </test-method> <!-- Login_Test_case02 -->
        <test-method is-config="true" signature="TearDown()[pri:0, instance:TestScript.LoginTest@123ef382]" started-at="2023-08-19T12:40:44 IST" name="TearDown" finished-at="2023-08-19T12:40:45 IST" duration-ms="332" status="PASS">
          <reporter-output>
          </reporter-output>
        </test-method> <!-- TearDown -->
      </class> <!-- TestScript.LoginTest -->
    </test> <!-- Test -->
  </suite> <!-- Suite -->
</testng-results>
