<?xml version="1.0" encoding="UTF-8"?>
<testng-results ignored="0" total="1" passed="1" failed="0" skipped="0">
  <reporter-output>
  </reporter-output>
  <suite started-at="2023-08-29T22:08:19 IST" name="Default suite" finished-at="2023-08-29T22:08:37 IST" duration-ms="18118">
    <groups>
    </groups>
    <test started-at="2023-08-29T22:08:19 IST" name="Default test" finished-at="2023-08-29T22:08:37 IST" duration-ms="18118">
      <class name="Wait_IN_Selenium.DatePicker">
        <test-method is-config="true" signature="setup()[pri:0, instance:Wait_IN_Selenium.DatePicker@368f2016]" started-at="2023-08-29T22:08:19 IST" name="setup" finished-at="2023-08-29T22:08:26 IST" duration-ms="7521" status="PASS">
          <reporter-output>
          </reporter-output>
        </test-method> <!-- setup -->
        <test-method signature="Date_pick_Test()[pri:0, instance:Wait_IN_Selenium.DatePicker@368f2016]" started-at="2023-08-29T22:08:26 IST" name="Date_pick_Test" finished-at="2023-08-29T22:08:36 IST" duration-ms="10228" status="PASS">
          <reporter-output>
          </reporter-output>
        </test-method> <!-- Date_pick_Test -->
        <test-method is-config="true" signature="teardown()[pri:0, instance:Wait_IN_Selenium.DatePicker@368f2016]" started-at="2023-08-29T22:08:36 IST" name="teardown" finished-at="2023-08-29T22:08:37 IST" duration-ms="305" status="PASS">
          <reporter-output>
          </reporter-output>
        </test-method> <!-- teardown -->
      </class> <!-- Wait_IN_Selenium.DatePicker -->
    </test> <!-- Default test -->
  </suite> <!-- Default suite -->
</testng-results>
