<?xml version="1.0" encoding="UTF-8"?>
<testng-results ignored="0" total="2" passed="2" failed="0" skipped="0">
  <reporter-output>
  </reporter-output>
  <suite started-at="2023-08-19T12:36:58 IST" name="Default suite" finished-at="2023-08-19T12:37:16 IST" duration-ms="17946">
    <groups>
    </groups>
    <test started-at="2023-08-19T12:36:58 IST" name="Default test" finished-at="2023-08-19T12:37:16 IST" duration-ms="17946">
      <class name="TestScript.LoginTest">
        <test-method is-config="true" signature="setup()[pri:0, instance:TestScript.LoginTest@128d2484]" started-at="2023-08-19T12:36:58 IST" name="setup" finished-at="2023-08-19T12:37:10 IST" duration-ms="12066" status="PASS">
          <reporter-output>
          </reporter-output>
        </test-method> <!-- setup -->
        <test-method signature="Login_Test_case01()[pri:0, instance:TestScript.LoginTest@128d2484]" started-at="2023-08-19T12:37:10 IST" name="Login_Test_case01" finished-at="2023-08-19T12:37:11 IST" duration-ms="1171" status="PASS">
          <reporter-output>
          </reporter-output>
        </test-method> <!-- Login_Test_case01 -->
        <test-method is-config="true" signature="TearDown()[pri:0, instance:TestScript.LoginTest@128d2484]" started-at="2023-08-19T12:37:11 IST" name="TearDown" finished-at="2023-08-19T12:37:11 IST" duration-ms="347" status="PASS">
          <reporter-output>
          </reporter-output>
        </test-method> <!-- TearDown -->
        <test-method is-config="true" signature="setup()[pri:0, instance:TestScript.LoginTest@128d2484]" started-at="2023-08-19T12:37:11 IST" name="setup" finished-at="2023-08-19T12:37:15 IST" duration-ms="3493" status="PASS">
          <reporter-output>
          </reporter-output>
        </test-method> <!-- setup -->
        <test-method signature="Login_Test_case02()[pri:0, instance:TestScript.LoginTest@128d2484]" started-at="2023-08-19T12:37:15 IST" name="Login_Test_case02" finished-at="2023-08-19T12:37:15 IST" duration-ms="472" status="PASS">
          <reporter-output>
          </reporter-output>
        </test-method> <!-- Login_Test_case02 -->
        <test-method is-config="true" signature="TearDown()[pri:0, instance:TestScript.LoginTest@128d2484]" started-at="2023-08-19T12:37:15 IST" name="TearDown" finished-at="2023-08-19T12:37:16 IST" duration-ms="325" status="PASS">
          <reporter-output>
          </reporter-output>
        </test-method> <!-- TearDown -->
      </class> <!-- TestScript.LoginTest -->
    </test> <!-- Default test -->
  </suite> <!-- Default suite -->
</testng-results>
